[debug] [2023-04-08T16:56:25.328Z] ----------------------------------------------------------------------
[debug] [2023-04-08T16:56:25.330Z] Command:       /usr/local/bin/firebase /Users/florianmarcu/.cache/firebase/tools/lib/node_modules/firebase-tools/lib/bin/firebase init
[debug] [2023-04-08T16:56:25.331Z] CLI Version:   11.25.3
[debug] [2023-04-08T16:56:25.331Z] Platform:      darwin
[debug] [2023-04-08T16:56:25.331Z] Node Version:  v16.16.0
[debug] [2023-04-08T16:56:25.340Z] Time:          Sat Apr 08 2023 19:56:25 GMT+0300 (Eastern European Summer Time)
[debug] [2023-04-08T16:56:25.341Z] ----------------------------------------------------------------------
[debug] 
[debug] [2023-04-08T16:56:25.364Z] > command requires scopes: ["email","openid","https://www.googleapis.com/auth/cloudplatformprojects.readonly","https://www.googleapis.com/auth/firebase","https://www.googleapis.com/auth/cloud-platform"]
[debug] [2023-04-08T16:56:25.365Z] > authorizing via signed-in user (florian.marcu23@gmail.com)
[info] 
     ######## #### ########  ######## ########     ###     ######  ########
     ##        ##  ##     ## ##       ##     ##  ##   ##  ##       ##
     ######    ##  ########  ######   ########  #########  ######  ######
     ##        ##  ##    ##  ##       ##     ## ##     ##       ## ##
     ##       #### ##     ## ######## ########  ##     ##  ######  ########

You're about to initialize a Firebase project in this directory:

  /Users/florianmarcu/Documents/GitHub/florian_software_webapp

[info] 
=== Project Setup
[info] 
[info] First, let's associate this project directory with a Firebase project.
[info] You can create multiple project aliases by running firebase use --add, 
[info] but for now we'll just set up a default project.
[info] 
[debug] [2023-04-08T16:56:39.324Z] >>> [apiv2][query] GET https://firebase.googleapis.com/v1beta1/projects pageSize=100
[debug] [2023-04-08T16:56:40.064Z] <<< [apiv2][status] GET https://firebase.googleapis.com/v1beta1/projects 200
[debug] [2023-04-08T16:56:40.065Z] <<< [apiv2][body] GET https://firebase.googleapis.com/v1beta1/projects [omitted]
[info] i  Using project flo-stacks (flo-stacks) 
[info] 
=== Firestore Setup
[debug] [2023-04-08T16:56:41.729Z] >>> [apiv2][query] GET https://serviceusage.googleapis.com/v1/projects/flo-stacks/services/firestore.googleapis.com [none]
[debug] [2023-04-08T16:56:41.729Z] >>> [apiv2][(partial)header] GET https://serviceusage.googleapis.com/v1/projects/flo-stacks/services/firestore.googleapis.com x-goog-quota-user=projects/flo-stacks
[debug] [2023-04-08T16:56:42.774Z] <<< [apiv2][status] GET https://serviceusage.googleapis.com/v1/projects/flo-stacks/services/firestore.googleapis.com 200
[debug] [2023-04-08T16:56:42.775Z] <<< [apiv2][body] GET https://serviceusage.googleapis.com/v1/projects/flo-stacks/services/firestore.googleapis.com [omitted]
[debug] [2023-04-08T16:56:42.777Z] >>> [apiv2][query] GET https://firestore.googleapis.com/v1/projects/flo-stacks/databases/(default) [none]
[debug] [2023-04-08T16:56:43.068Z] <<< [apiv2][status] GET https://firestore.googleapis.com/v1/projects/flo-stacks/databases/(default) 200
[debug] [2023-04-08T16:56:43.068Z] <<< [apiv2][body] GET https://firestore.googleapis.com/v1/projects/flo-stacks/databases/(default) {"name":"projects/flo-stacks/databases/(default)","uid":"e2bacf38-836a-4cd1-bd97-863b87678c4b","createTime":"2023-04-08T16:56:07.055495Z","updateTime":"2023-04-08T16:56:07.055495Z","locationId":"eur3","type":"FIRESTORE_NATIVE","concurrencyMode":"PESSIMISTIC","appEngineIntegrationMode":"DISABLED","keyPrefix":"e","deleteProtectionState":"DELETE_PROTECTION_DISABLED","etag":"IKyG6LXgmv4CMIeh0KTgmv4C"}
[debug] [2023-04-08T16:56:43.069Z] database_type: FIRESTORE_NATIVE
[debug] [2023-04-08T16:56:43.069Z] > command requires scopes: ["email","openid","https://www.googleapis.com/auth/cloudplatformprojects.readonly","https://www.googleapis.com/auth/firebase","https://www.googleapis.com/auth/cloud-platform"]
[debug] [2023-04-08T16:56:43.070Z] > authorizing via signed-in user (florian.marcu23@gmail.com)
[debug] [2023-04-08T16:56:43.070Z] [iam] checking project flo-stacks for permissions ["firebase.projects.get"]
[debug] [2023-04-08T16:56:43.071Z] >>> [apiv2][query] POST https://cloudresourcemanager.googleapis.com/v1/projects/flo-stacks:testIamPermissions [none]
[debug] [2023-04-08T16:56:43.072Z] >>> [apiv2][(partial)header] POST https://cloudresourcemanager.googleapis.com/v1/projects/flo-stacks:testIamPermissions x-goog-quota-user=projects/flo-stacks
[debug] [2023-04-08T16:56:43.072Z] >>> [apiv2][body] POST https://cloudresourcemanager.googleapis.com/v1/projects/flo-stacks:testIamPermissions {"permissions":["firebase.projects.get"]}
[debug] [2023-04-08T16:56:43.926Z] <<< [apiv2][status] POST https://cloudresourcemanager.googleapis.com/v1/projects/flo-stacks:testIamPermissions 200
[debug] [2023-04-08T16:56:43.927Z] <<< [apiv2][body] POST https://cloudresourcemanager.googleapis.com/v1/projects/flo-stacks:testIamPermissions {"permissions":["firebase.projects.get"]}
[info] 
[info] Firestore Security Rules allow you to define how and when to allow
[info] requests. You can keep these rules in your project directory
[info] and publish them with firebase deploy.
[info] 
[debug] [2023-04-08T16:56:47.422Z] >>> [apiv2][query] GET https://firebaserules.googleapis.com/v1/projects/flo-stacks/releases pageSize=10&pageToken=
[debug] [2023-04-08T16:56:48.345Z] <<< [apiv2][status] GET https://firebaserules.googleapis.com/v1/projects/flo-stacks/releases 200
[debug] [2023-04-08T16:56:48.346Z] <<< [apiv2][body] GET https://firebaserules.googleapis.com/v1/projects/flo-stacks/releases {"releases":[{"name":"projects/flo-stacks/releases/cloud.firestore","rulesetName":"projects/flo-stacks/rulesets/7a3dd88b-fa20-471f-8f69-d4e14b6bad78","createTime":"2023-04-08T16:56:10.885709Z","updateTime":"2023-04-08T16:56:10.885709Z"}]}
[debug] [2023-04-08T16:56:48.346Z] Found ruleset: projects/flo-stacks/rulesets/7a3dd88b-fa20-471f-8f69-d4e14b6bad78
[debug] [2023-04-08T16:56:48.347Z] >>> [apiv2][query] GET https://firebaserules.googleapis.com/v1/projects/flo-stacks/rulesets/7a3dd88b-fa20-471f-8f69-d4e14b6bad78 [none]
[debug] [2023-04-08T16:56:49.168Z] <<< [apiv2][status] GET https://firebaserules.googleapis.com/v1/projects/flo-stacks/rulesets/7a3dd88b-fa20-471f-8f69-d4e14b6bad78 200
[debug] [2023-04-08T16:56:49.168Z] <<< [apiv2][body] GET https://firebaserules.googleapis.com/v1/projects/flo-stacks/rulesets/7a3dd88b-fa20-471f-8f69-d4e14b6bad78 [omitted]
[info] 
[info] Firestore indexes allow you to perform complex queries while
[info] maintaining performance that scales with the size of the result
[info] set. You can keep index definitions in your project directory
[info] and publish them with firebase deploy.
[info] 
[debug] [2023-04-08T16:56:50.473Z] >>> [apiv2][query] GET https://firestore.googleapis.com/v1/projects/flo-stacks/databases/(default)/collectionGroups/-/indexes [none]
[debug] [2023-04-08T16:56:50.478Z] >>> [apiv2][query] GET https://firestore.googleapis.com/v1/projects/flo-stacks/databases/(default)/collectionGroups/-/fields?filter=indexConfig.usesAncestorConfig=false OR ttlConfig:* [none]
[debug] [2023-04-08T16:56:50.786Z] <<< [apiv2][status] GET https://firestore.googleapis.com/v1/projects/flo-stacks/databases/(default)/collectionGroups/-/indexes 200
[debug] [2023-04-08T16:56:50.787Z] <<< [apiv2][body] GET https://firestore.googleapis.com/v1/projects/flo-stacks/databases/(default)/collectionGroups/-/indexes {}
[debug] [2023-04-08T16:56:51.214Z] <<< [apiv2][status] GET https://firestore.googleapis.com/v1/projects/flo-stacks/databases/(default)/collectionGroups/-/fields?filter=indexConfig.usesAncestorConfig=false OR ttlConfig:* 200
[debug] [2023-04-08T16:56:51.215Z] <<< [apiv2][body] GET https://firestore.googleapis.com/v1/projects/flo-stacks/databases/(default)/collectionGroups/-/fields?filter=indexConfig.usesAncestorConfig=false OR ttlConfig:* {"fields":[{"name":"projects/flo-stacks/databases/(default)/collectionGroups/__default__/fields/*","indexConfig":{"indexes":[{"queryScope":"COLLECTION","fields":[{"fieldPath":"*","order":"ASCENDING"}],"state":"READY"},{"queryScope":"COLLECTION","fields":[{"fieldPath":"*","order":"DESCENDING"}],"state":"READY"},{"queryScope":"COLLECTION","fields":[{"fieldPath":"*","arrayConfig":"CONTAINS"}],"state":"READY"}]}}]}
[info] 
=== Functions Setup
[debug] [2023-04-08T16:56:51.218Z] > command requires scopes: ["email","openid","https://www.googleapis.com/auth/cloudplatformprojects.readonly","https://www.googleapis.com/auth/firebase","https://www.googleapis.com/auth/cloud-platform"]
[debug] [2023-04-08T16:56:51.219Z] > authorizing via signed-in user (florian.marcu23@gmail.com)
[debug] [2023-04-08T16:56:51.219Z] [iam] checking project flo-stacks for permissions ["firebase.projects.get"]
[debug] [2023-04-08T16:56:51.220Z] >>> [apiv2][query] POST https://cloudresourcemanager.googleapis.com/v1/projects/flo-stacks:testIamPermissions [none]
[debug] [2023-04-08T16:56:51.221Z] >>> [apiv2][(partial)header] POST https://cloudresourcemanager.googleapis.com/v1/projects/flo-stacks:testIamPermissions x-goog-quota-user=projects/flo-stacks
[debug] [2023-04-08T16:56:51.221Z] >>> [apiv2][body] POST https://cloudresourcemanager.googleapis.com/v1/projects/flo-stacks:testIamPermissions {"permissions":["firebase.projects.get"]}
[debug] [2023-04-08T16:56:52.016Z] <<< [apiv2][status] POST https://cloudresourcemanager.googleapis.com/v1/projects/flo-stacks:testIamPermissions 200
[debug] [2023-04-08T16:56:52.017Z] <<< [apiv2][body] POST https://cloudresourcemanager.googleapis.com/v1/projects/flo-stacks:testIamPermissions {"permissions":["firebase.projects.get"]}
[debug] [2023-04-08T16:56:52.019Z] >>> [apiv2][query] GET https://serviceusage.googleapis.com/v1/projects/flo-stacks/services/cloudfunctions.googleapis.com [none]
[debug] [2023-04-08T16:56:52.019Z] >>> [apiv2][(partial)header] GET https://serviceusage.googleapis.com/v1/projects/flo-stacks/services/cloudfunctions.googleapis.com x-goog-quota-user=projects/flo-stacks
[debug] [2023-04-08T16:56:52.024Z] >>> [apiv2][query] GET https://serviceusage.googleapis.com/v1/projects/flo-stacks/services/runtimeconfig.googleapis.com [none]
[debug] [2023-04-08T16:56:52.024Z] >>> [apiv2][(partial)header] GET https://serviceusage.googleapis.com/v1/projects/flo-stacks/services/runtimeconfig.googleapis.com x-goog-quota-user=projects/flo-stacks
[debug] [2023-04-08T16:56:53.057Z] <<< [apiv2][status] GET https://serviceusage.googleapis.com/v1/projects/flo-stacks/services/cloudfunctions.googleapis.com 200
[debug] [2023-04-08T16:56:53.058Z] <<< [apiv2][body] GET https://serviceusage.googleapis.com/v1/projects/flo-stacks/services/cloudfunctions.googleapis.com [omitted]
[debug] [2023-04-08T16:56:53.061Z] >>> [apiv2][query] POST https://serviceusage.googleapis.com/v1/projects/flo-stacks/services/cloudfunctions.googleapis.com:enable [none]
[debug] [2023-04-08T16:56:53.061Z] >>> [apiv2][(partial)header] POST https://serviceusage.googleapis.com/v1/projects/flo-stacks/services/cloudfunctions.googleapis.com:enable x-goog-quota-user=projects/flo-stacks
[debug] [2023-04-08T16:56:53.069Z] <<< [apiv2][status] GET https://serviceusage.googleapis.com/v1/projects/flo-stacks/services/runtimeconfig.googleapis.com 200
[debug] [2023-04-08T16:56:53.070Z] <<< [apiv2][body] GET https://serviceusage.googleapis.com/v1/projects/flo-stacks/services/runtimeconfig.googleapis.com [omitted]
[debug] [2023-04-08T16:56:54.722Z] <<< [apiv2][status] POST https://serviceusage.googleapis.com/v1/projects/flo-stacks/services/cloudfunctions.googleapis.com:enable 200
[debug] [2023-04-08T16:56:54.723Z] <<< [apiv2][body] POST https://serviceusage.googleapis.com/v1/projects/flo-stacks/services/cloudfunctions.googleapis.com:enable [omitted]
[debug] [2023-04-08T16:57:04.735Z] >>> [apiv2][query] GET https://serviceusage.googleapis.com/v1/projects/flo-stacks/services/cloudfunctions.googleapis.com [none]
[debug] [2023-04-08T16:57:04.737Z] >>> [apiv2][(partial)header] GET https://serviceusage.googleapis.com/v1/projects/flo-stacks/services/cloudfunctions.googleapis.com x-goog-quota-user=projects/flo-stacks
[debug] [2023-04-08T16:57:05.779Z] <<< [apiv2][status] GET https://serviceusage.googleapis.com/v1/projects/flo-stacks/services/cloudfunctions.googleapis.com 200
[debug] [2023-04-08T16:57:05.780Z] <<< [apiv2][body] GET https://serviceusage.googleapis.com/v1/projects/flo-stacks/services/cloudfunctions.googleapis.com [omitted]
[info] Let's create a new codebase for your functions.
[info] A directory corresponding to the codebase will be created in your project
[info] with sample code pre-configured.

[info] See https://firebase.google.com/docs/functions/organize-functions for
[info] more information on organizing your functions using codebases.

[info] Functions can be deployed with firebase deploy.

[info] ✔  Wrote functions/package.json 
[info] ✔  Wrote functions/tsconfig.json 
[info] ✔  Wrote functions/src/index.ts 
[info] ✔  Wrote functions/.gitignore 
[info] 
=== Hosting Setup
[info] 
[info] Your public directory is the folder (relative to your project directory) that
[info] will contain Hosting assets to be uploaded with firebase deploy. If you
[info] have a build process for your assets, use your build's output directory.
[info] 
[info] ✔  Wrote public/404.html 
[debug] [2023-04-11T08:43:29.543Z] >>> [apiv2][query] GET https://www.gstatic.com/firebasejs/releases.json [none]
[debug] [2023-04-11T08:43:29.736Z] <<< [apiv2][status] GET https://www.gstatic.com/firebasejs/releases.json 200
[debug] [2023-04-11T08:43:29.736Z] <<< [apiv2][body] GET https://www.gstatic.com/firebasejs/releases.json {"current":{"version":"9.19.1","browserURL":"https://www.gstatic.com/firebasejs/9.19.1/firebase.js","packageURL":"https://www.gstatic.com/firebasejs/9.19.1/firebase.tgz"},"live":{"version":"9.19","browserURL":"https://www.gstatic.com/firebasejs/live/9.19/firebase.js","packageURL":"https://www.gstatic.com/firebasejs/live/9.19/firebase.tgz"},"components":{"analytics":"https://www.gstatic.com/firebasejs/9.19.1/firebase-analytics.js","app":"https://www.gstatic.com/firebasejs/9.19.1/firebase-app.js","app-check":"https://www.gstatic.com/firebasejs/9.19.1/firebase-app-check.js","auth":"https://www.gstatic.com/firebasejs/9.19.1/firebase-auth.js","auth/cordova":"https://www.gstatic.com/firebasejs/9.19.1/firebase-auth/cordova.js","auth/react-native":"https://www.gstatic.com/firebasejs/9.19.1/firebase-auth/react-native.js","functions":"https://www.gstatic.com/firebasejs/9.19.1/firebase-functions.js","firestore":"https://www.gstatic.com/firebasejs/9.19.1/firebase-firestore.js","firestore/lite":"https://www.gstatic.com/firebasejs/9.19.1/firebase-firestore/lite.js","installations":"https://www.gstatic.com/firebasejs/9.19.1/firebase-installations.js","storage":"https://www.gstatic.com/firebasejs/9.19.1/firebase-storage.js","performance":"https://www.gstatic.com/firebasejs/9.19.1/firebase-performance.js","remote-config":"https://www.gstatic.com/firebasejs/9.19.1/firebase-remote-config.js","messaging":"https://www.gstatic.com/firebasejs/9.19.1/firebase-messaging.js","messaging/sw":"https://www.gstatic.com/firebasejs/9.19.1/firebase-messaging/sw.js","database":"https://www.gstatic.com/firebasejs/9.19.1/firebase-database.js","firestore.memory":"https://www.gstatic.com/firebasejs/9.19.1/firebase-firestore.memory.js"}}
[info] ✔  Wrote public/index.html 
[info] 
[info] i  Didn't detect a .git folder. Assuming /Users/florianmarcu/Documents/GitHub/florian_software_webapp is the project root. 
[info] i  Authorizing with GitHub to upload your service account to a GitHub repository's secrets store. 
[info] 
[info] Visit this URL on this device to log in:
[info] https://github.com/login/oauth/authorize?client_id=89cf50f02ac6aaed3484&state=556341882&redirect_uri=http%3A%2F%2Flocalhost%3A9005&scope=read%3Auser%20repo%20public_repo
[info] 
[info] Waiting for authentication...
[debug] [2023-04-11T08:43:51.709Z] >>> [apiv2][query] POST https://github.com/login/oauth/access_token [none]
[debug] [2023-04-11T08:43:51.710Z] >>> [apiv2][body] POST https://github.com/login/oauth/access_token [stream]
[debug] [2023-04-11T08:43:52.184Z] <<< [apiv2][status] POST https://github.com/login/oauth/access_token 200
[debug] [2023-04-11T08:43:52.185Z] <<< [apiv2][body] POST https://github.com/login/oauth/access_token {"access_token":"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","token_type":"bearer","scope":"read:user,repo"}
[debug] [2023-04-11T08:43:52.212Z] >>> [apiv2][query] GET https://api.github.com/user [none]
[debug] [2023-04-11T08:43:52.537Z] <<< [apiv2][status] GET https://api.github.com/user 200
[debug] [2023-04-11T08:43:52.538Z] <<< [apiv2][body] GET https://api.github.com/user {"login":"florianmarcu","id":59771410,"node_id":"MDQ6VXNlcjU5NzcxNDEw","avatar_url":"https://avatars.githubusercontent.com/u/59771410?v=4","gravatar_id":"","url":"https://api.github.com/users/florianmarcu","html_url":"https://github.com/florianmarcu","followers_url":"https://api.github.com/users/florianmarcu/followers","following_url":"https://api.github.com/users/florianmarcu/following{/other_user}","gists_url":"https://api.github.com/users/florianmarcu/gists{/gist_id}","starred_url":"https://api.github.com/users/florianmarcu/starred{/owner}{/repo}","subscriptions_url":"https://api.github.com/users/florianmarcu/subscriptions","organizations_url":"https://api.github.com/users/florianmarcu/orgs","repos_url":"https://api.github.com/users/florianmarcu/repos","events_url":"https://api.github.com/users/florianmarcu/events{/privacy}","received_events_url":"https://api.github.com/users/florianmarcu/received_events","type":"User","site_admin":false,"name":"Florian Marcu","company":null,"blog":"","location":"Bucharest, Romania","email":null,"hireable":null,"bio":"Computer Science student based in Bucharest, Romania with a high interest in entrepreneurship.","twitter_username":null,"public_repos":9,"public_gists":0,"followers":6,"following":0,"created_at":"2020-01-11T16:03:09Z","updated_at":"2023-03-09T17:14:54Z","private_gists":0,"total_private_repos":5,"owned_private_repos":5,"disk_usage":79740,"collaborators":2,"two_factor_authentication":false,"plan":{"name":"free","space":976562499,"collaborators":0,"private_repos":10000}}
[info] 
[info] ✔  Success! Logged into GitHub as florianmarcu 
[info] 
